<?xml version="1.0" encoding="utf-8"?><testsuites><testsuite name="pytest" errors="1" failures="0" skipped="0" tests="2" time="0.240" timestamp="2026-07-01T16:47:24.575642+07:00" hostname="LAPTOP-LEP9UCDL"><testcase classname="tests.test_notification_service" name="test_create_notification_valid" time="0.201" /><testcase classname="pytest" name="internal" time="0.000"><error message="internal error">Traceback (most recent call last):
  File "C:\Users\ADMIN\Documents\GitHub\KCPM-010112204006-EV-Server-Center\EV-sever-center-main\EV-Service-Center-Full\services\notification-service\.venv\Lib\site-packages\_pytest\main.py", line 283, in wrap_session
    session.exitstatus = doit(config, session) or 0
                         ~~~~^^^^^^^^^^^^^^^^^
  File "C:\Users\ADMIN\Documents\GitHub\KCPM-010112204006-EV-Server-Center\EV-sever-center-main\EV-Service-Center-Full\services\notification-service\.venv\Lib\site-packages\_pytest\main.py", line 337, in _main
    config.hook.pytest_runtestloop(session=session)
    ~~~~~~~~~~~~~~~~~~~~~~~~~~~~~~^^^^^^^^^^^^^^^^^
  File "C:\Users\ADMIN\Documents\GitHub\KCPM-010112204006-EV-Server-Center\EV-sever-center-main\EV-Service-Center-Full\services\notification-service\.venv\Lib\site-packages\pluggy\_hooks.py", line 512, in __call__
    return self._hookexec(self.name, self._hookimpls.copy(), kwargs, firstresult)
           ~~~~~~~~~~~~~~^^^^^^^^^^^^^^^^^^^^^^^^^^^^^^^^^^^^^^^^^^^^^^^^^^^^^^^^
  File "C:\Users\ADMIN\Documents\GitHub\KCPM-010112204006-EV-Server-Center\EV-sever-center-main\EV-Service-Center-Full\services\notification-service\.venv\Lib\site-packages\pluggy\_manager.py", line 120, in _hookexec
    return self._inner_hookexec(hook_name, methods, kwargs, firstresult)
           ~~~~~~~~~~~~~~~~~~~~^^^^^^^^^^^^^^^^^^^^^^^^^^^^^^^^^^^^^^^^^
  File "C:\Users\ADMIN\Documents\GitHub\KCPM-010112204006-EV-Server-Center\EV-sever-center-main\EV-Service-Center-Full\services\notification-service\.venv\Lib\site-packages\pluggy\_callers.py", line 167, in _multicall
    raise exception
  File "C:\Users\ADMIN\Documents\GitHub\KCPM-010112204006-EV-Server-Center\EV-sever-center-main\EV-Service-Center-Full\services\notification-service\.venv\Lib\site-packages\pluggy\_callers.py", line 139, in _multicall
    teardown.throw(exception)
    ~~~~~~~~~~~~~~^^^^^^^^^^^
  File "C:\Users\ADMIN\Documents\GitHub\KCPM-010112204006-EV-Server-Center\EV-sever-center-main\EV-Service-Center-Full\services\notification-service\.venv\Lib\site-packages\_pytest\logging.py", line 803, in pytest_runtestloop
    return (yield)  # Run all the tests.
            ^^^^^
  File "C:\Users\ADMIN\Documents\GitHub\KCPM-010112204006-EV-Server-Center\EV-sever-center-main\EV-Service-Center-Full\services\notification-service\.venv\Lib\site-packages\pluggy\_callers.py", line 139, in _multicall
    teardown.throw(exception)
    ~~~~~~~~~~~~~~^^^^^^^^^^^
  File "C:\Users\ADMIN\Documents\GitHub\KCPM-010112204006-EV-Server-Center\EV-sever-center-main\EV-Service-Center-Full\services\notification-service\.venv\Lib\site-packages\_pytest\terminal.py", line 673, in pytest_runtestloop
    result = yield
             ^^^^^
  File "C:\Users\ADMIN\Documents\GitHub\KCPM-010112204006-EV-Server-Center\EV-sever-center-main\EV-Service-Center-Full\services\notification-service\.venv\Lib\site-packages\pluggy\_callers.py", line 121, in _multicall
    res = hook_impl.function(*args)
  File "C:\Users\ADMIN\Documents\GitHub\KCPM-010112204006-EV-Server-Center\EV-sever-center-main\EV-Service-Center-Full\services\notification-service\.venv\Lib\site-packages\_pytest\main.py", line 362, in pytest_runtestloop
    item.config.hook.pytest_runtest_protocol(item=item, nextitem=nextitem)
    ~~~~~~~~~~~~~~~~~~~~~~~~~~~~~~~~~~~~~~~~^^^^^^^^^^^^^^^^^^^^^^^^^^^^^^
  File "C:\Users\ADMIN\Documents\GitHub\KCPM-010112204006-EV-Server-Center\EV-sever-center-main\EV-Service-Center-Full\services\notification-service\.venv\Lib\site-packages\pluggy\_hooks.py", line 512, in __call__
    return self._hookexec(self.name, self._hookimpls.copy(), kwargs, firstresult)
           ~~~~~~~~~~~~~~^^^^^^^^^^^^^^^^^^^^^^^^^^^^^^^^^^^^^^^^^^^^^^^^^^^^^^^^
  File "C:\Users\ADMIN\Documents\GitHub\KCPM-010112204006-EV-Server-Center\EV-sever-center-main\EV-Service-Center-Full\services\notification-service\.venv\Lib\site-packages\pluggy\_manager.py", line 120, in _hookexec
    return self._inner_hookexec(hook_name, methods, kwargs, firstresult)
           ~~~~~~~~~~~~~~~~~~~~^^^^^^^^^^^^^^^^^^^^^^^^^^^^^^^^^^^^^^^^^
  File "C:\Users\ADMIN\Documents\GitHub\KCPM-010112204006-EV-Server-Center\EV-sever-center-main\EV-Service-Center-Full\services\notification-service\.venv\Lib\site-packages\pluggy\_callers.py", line 167, in _multicall
    raise exception
  File "C:\Users\ADMIN\Documents\GitHub\KCPM-010112204006-EV-Server-Center\EV-sever-center-main\EV-Service-Center-Full\services\notification-service\.venv\Lib\site-packages\pluggy\_callers.py", line 139, in _multicall
    teardown.throw(exception)
    ~~~~~~~~~~~~~~^^^^^^^^^^^
  File "C:\Users\ADMIN\Documents\GitHub\KCPM-010112204006-EV-Server-Center\EV-sever-center-main\EV-Service-Center-Full\services\notification-service\.venv\Lib\site-packages\_pytest\warnings.py", line 112, in pytest_runtest_protocol
    return (yield)
            ^^^^^
  File "C:\Users\ADMIN\Documents\GitHub\KCPM-010112204006-EV-Server-Center\EV-sever-center-main\EV-Service-Center-Full\services\notification-service\.venv\Lib\site-packages\pluggy\_callers.py", line 139, in _multicall
    teardown.throw(exception)
    ~~~~~~~~~~~~~~^^^^^^^^^^^
  File "C:\Users\ADMIN\Documents\GitHub\KCPM-010112204006-EV-Server-Center\EV-sever-center-main\EV-Service-Center-Full\services\notification-service\.venv\Lib\site-packages\_pytest\assertion\__init__.py", line 176, in pytest_runtest_protocol
    return (yield)
            ^^^^^
  File "C:\Users\ADMIN\Documents\GitHub\KCPM-010112204006-EV-Server-Center\EV-sever-center-main\EV-Service-Center-Full\services\notification-service\.venv\Lib\site-packages\pluggy\_callers.py", line 139, in _multicall
    teardown.throw(exception)
    ~~~~~~~~~~~~~~^^^^^^^^^^^
  File "C:\Users\ADMIN\Documents\GitHub\KCPM-010112204006-EV-Server-Center\EV-sever-center-main\EV-Service-Center-Full\services\notification-service\.venv\Lib\site-packages\_pytest\unittest.py", line 429, in pytest_runtest_protocol
    res = yield
          ^^^^^
  File "C:\Users\ADMIN\Documents\GitHub\KCPM-010112204006-EV-Server-Center\EV-sever-center-main\EV-Service-Center-Full\services\notification-service\.venv\Lib\site-packages\pluggy\_callers.py", line 139, in _multicall
    teardown.throw(exception)
    ~~~~~~~~~~~~~~^^^^^^^^^^^
  File "C:\Users\ADMIN\Documents\GitHub\KCPM-010112204006-EV-Server-Center\EV-sever-center-main\EV-Service-Center-Full\services\notification-service\.venv\Lib\site-packages\_pytest\faulthandler.py", line 88, in pytest_runtest_protocol
    return (yield)
            ^^^^^
  File "C:\Users\ADMIN\Documents\GitHub\KCPM-010112204006-EV-Server-Center\EV-sever-center-main\EV-Service-Center-Full\services\notification-service\.venv\Lib\site-packages\pluggy\_callers.py", line 121, in _multicall
    res = hook_impl.function(*args)
  File "C:\Users\ADMIN\Documents\GitHub\KCPM-010112204006-EV-Server-Center\EV-sever-center-main\EV-Service-Center-Full\services\notification-service\.venv\Lib\site-packages\_pytest\runner.py", line 113, in pytest_runtest_protocol
    runtestprotocol(item, nextitem=nextitem)
    ~~~~~~~~~~~~~~~^^^^^^^^^^^^^^^^^^^^^^^^^
  File "C:\Users\ADMIN\Documents\GitHub\KCPM-010112204006-EV-Server-Center\EV-sever-center-main\EV-Service-Center-Full\services\notification-service\.venv\Lib\site-packages\_pytest\runner.py", line 132, in runtestprotocol
    reports.append(call_and_report(item, "call", log))
                   ~~~~~~~~~~~~~~~^^^^^^^^^^^^^^^^^^^
  File "C:\Users\ADMIN\Documents\GitHub\KCPM-010112204006-EV-Server-Center\EV-sever-center-main\EV-Service-Center-Full\services\notification-service\.venv\Lib\site-packages\_pytest\runner.py", line 246, in call_and_report
    ihook.pytest_runtest_logreport(report=report)
    ~~~~~~~~~~~~~~~~~~~~~~~~~~~~~~^^^^^^^^^^^^^^^
  File "C:\Users\ADMIN\Documents\GitHub\KCPM-010112204006-EV-Server-Center\EV-sever-center-main\EV-Service-Center-Full\services\notification-service\.venv\Lib\site-packages\pluggy\_hooks.py", line 512, in __call__
    return self._hookexec(self.name, self._hookimpls.copy(), kwargs, firstresult)
           ~~~~~~~~~~~~~~^^^^^^^^^^^^^^^^^^^^^^^^^^^^^^^^^^^^^^^^^^^^^^^^^^^^^^^^
  File "C:\Users\ADMIN\Documents\GitHub\KCPM-010112204006-EV-Server-Center\EV-sever-center-main\EV-Service-Center-Full\services\notification-service\.venv\Lib\site-packages\pluggy\_manager.py", line 120, in _hookexec
    return self._inner_hookexec(hook_name, methods, kwargs, firstresult)
           ~~~~~~~~~~~~~~~~~~~~^^^^^^^^^^^^^^^^^^^^^^^^^^^^^^^^^^^^^^^^^
  File "C:\Users\ADMIN\Documents\GitHub\KCPM-010112204006-EV-Server-Center\EV-sever-center-main\EV-Service-Center-Full\services\notification-service\.venv\Lib\site-packages\pluggy\_callers.py", line 167, in _multicall
    raise exception
  File "C:\Users\ADMIN\Documents\GitHub\KCPM-010112204006-EV-Server-Center\EV-sever-center-main\EV-Service-Center-Full\services\notification-service\.venv\Lib\site-packages\pluggy\_callers.py", line 121, in _multicall
    res = hook_impl.function(*args)
  File "C:\Users\ADMIN\Documents\GitHub\KCPM-010112204006-EV-Server-Center\EV-sever-center-main\EV-Service-Center-Full\services\notification-service\tests\conftest.py", line 38, in pytest_runtest_logreport
    data = report.config._notification_report
           ^^^^^^^^^^^^^
AttributeError: 'TestReport' object has no attribute 'config'</error></testcase></testsuite></testsuites>